<?xml version="1.0" encoding="UTF-8"?>
<testng-results skipped="0" failed="0" ignored="0" total="1" passed="1">
  <reporter-output>
  </reporter-output>
  <suite name="Default suite" duration-ms="20858" started-at="2019-02-27T16:13:22Z" finished-at="2019-02-27T16:13:43Z">
    <groups>
    </groups>
    <test name="Default test" duration-ms="20858" started-at="2019-02-27T16:13:22Z" finished-at="2019-02-27T16:13:43Z">
      <class name="io.maestrano.marlin3.test.DeleteKPITest">
        <test-method status="PASS" signature="doLogin(java.util.Hashtable)[pri:0, instance:io.maestrano.marlin3.test.DeleteKPITest@343570b7]" name="doLogin" duration-ms="20332" started-at="2019-02-27T16:13:22Z" data-provider="getData" finished-at="2019-02-27T16:13:43Z">
          <params>
            <param index="0">
              <value>
                <![CDATA[{password=Password1!, Runmode=Y, username=prema.eddyam+auto1@maestrano.com}]]>
              </value>
            </param>
          </params>
          <reporter-output>
          </reporter-output>
        </test-method> <!-- doLogin -->
        <test-method status="PASS" signature="quit(org.testng.ITestResult)[pri:0, instance:io.maestrano.marlin3.test.DeleteKPITest@343570b7]" name="quit" is-config="true" duration-ms="477" started-at="2019-02-27T16:13:43Z" finished-at="2019-02-27T16:13:43Z">
          <params>
            <param index="0">
              <value>
                <![CDATA[[TestResult name=doLogin status=SUCCESS method=DeleteKPITest.doLogin(java.util.Hashtable)[pri:0, instance:io.maestrano.marlin3.test.DeleteKPITest@343570b7] output={null}]]]>
              </value>
            </param>
          </params>
          <reporter-output>
          </reporter-output>
        </test-method> <!-- quit -->
      </class> <!-- io.maestrano.marlin3.test.DeleteKPITest -->
    </test> <!-- Default test -->
  </suite> <!-- Default suite -->
</testng-results>
